<?xml version="1.0" encoding="UTF-8"?>
<!-- Generated by org.testng.reporters.JUnitXMLReporter -->
<testsuite ignored="2" hostname="Priya-Lenovo" failures="0" tests="1" name="Default test" time="6.266" errors="0" timestamp="2021-08-04T23:13:49 IST">
  <testcase classname="tests.lotto" name="testLotto_2" time="6.224"/>
  <testcase classname="tests.lotto" name="AuthenticationBasics" time="0.0">
    <ignored/>
  </testcase> <!-- AuthenticationBasics -->
  <testcase classname="tests.lotto" name="testLotto_1" time="0.0">
    <ignored/>
  </testcase> <!-- testLotto_1 -->
</testsuite> <!-- Default test -->
