<?xml version="1.0" encoding="UTF-8"?>
<testng-results ignored="2" total="3" passed="1" failed="0" skipped="0">
  <reporter-output>
  </reporter-output>
  <suite started-at="2021-08-04T23:13:43 IST" name="Default suite" finished-at="2021-08-04T23:13:49 IST" duration-ms="6266">
    <groups>
    </groups>
    <test started-at="2021-08-04T23:13:43 IST" name="Default test" finished-at="2021-08-04T23:13:49 IST" duration-ms="6266">
      <class name="tests.lotto">
        <test-method signature="testLotto_2()[pri:0, instance:tests.lotto@355ce81c]" started-at="2021-08-04T23:13:43 IST" name="testLotto_2" finished-at="2021-08-04T23:13:49 IST" duration-ms="6224" status="PASS">
          <reporter-output>
          </reporter-output>
        </test-method> <!-- testLotto_2 -->
      </class> <!-- tests.lotto -->
    </test> <!-- Default test -->
  </suite> <!-- Default suite -->
</testng-results>
